DEB [20181123-14:45:04.908] thr=1   paramiko.transport: starting thread (client mode): 0xd812fcc0
DEB [20181123-14:45:04.908] thr=1   paramiko.transport: Local version/idstring: SSH-2.0-paramiko_2.4.2
DEB [20181123-14:45:04.915] thr=1   paramiko.transport: Remote version/idstring: SSH-2.0-OpenSSH_7.5
INF [20181123-14:45:04.915] thr=1   paramiko.transport: Connected (version 2.0, client OpenSSH_7.5)
DEB [20181123-14:45:04.916] thr=1   paramiko.transport: kex algos:['curve25519-sha256', 'curve25519-sha256@libssh.org', 'ecdh-sha2-nistp256', 'ecdh-sha2-nistp384', 'ecdh-sha2-nistp521', 'diffie-hellman-group-exchange-sha256', 'diffie-hellman-group16-sha512', 'diffie-hellman-group18-sha512', 'diffie-hellman-group14-sha256', 'diffie-hellman-group14-sha1'] server key:['ssh-rsa', 'rsa-sha2-512', 'rsa-sha2-256'] client encrypt:['aes128-ctr', 'aes192-ctr', 'aes256-ctr', '3des-cbc'] server encrypt:['aes128-ctr', 'aes192-ctr', 'aes256-ctr', '3des-cbc'] client mac:['hmac-sha2-256', 'hmac-sha2-512', 'hmac-sha1'] server mac:['hmac-sha2-256', 'hmac-sha2-512', 'hmac-sha1'] client compress:['none', 'zlib@openssh.com'] server compress:['none', 'zlib@openssh.com'] client lang:[''] server lang:[''] kex follows?False
DEB [20181123-14:45:04.916] thr=1   paramiko.transport: Kex agreed: ecdh-sha2-nistp256
DEB [20181123-14:45:04.917] thr=1   paramiko.transport: HostKey agreed: ssh-rsa
DEB [20181123-14:45:04.917] thr=1   paramiko.transport: Cipher agreed: aes128-ctr
DEB [20181123-14:45:04.917] thr=1   paramiko.transport: MAC agreed: hmac-sha2-256
DEB [20181123-14:45:04.917] thr=1   paramiko.transport: Compression agreed: none
DEB [20181123-14:45:05.032] thr=1   paramiko.transport: kex engine KexNistp256 specified hash_algo <built-in function openssl_sha256>
DEB [20181123-14:45:05.033] thr=1   paramiko.transport: Switch to new keys ...
DEB [20181123-14:45:05.033] thr=2   paramiko.transport: Adding ssh-rsa host key for 172.16.1.201: b'604598cac6e4f25ac3ea8ad67ffe0784'
DEB [20181123-14:45:05.139] thr=1   paramiko.transport: userauth is OK
DEB [20181123-14:45:05.143] thr=1   paramiko.transport: Authentication type (password) not permitted.
DEB [20181123-14:45:05.143] thr=1   paramiko.transport: Allowed methods: ['publickey', 'keyboard-interactive']
DEB [20181123-14:45:05.144] thr=1   paramiko.transport: userauth is OK
INF [20181123-14:45:05.188] thr=1   paramiko.transport: Authentication (keyboard-interactive) successful!
DEB [20181123-14:45:05.189] thr=2   paramiko.transport: [chan 0] Max packet in: 32768 bytes
DEB [20181123-14:45:05.193] thr=1   paramiko.transport: Received global request "hostkeys-00@openssh.com"
DEB [20181123-14:45:05.193] thr=1   paramiko.transport: Rejecting "hostkeys-00@openssh.com" global request from server.
DEB [20181123-14:45:05.234] thr=1   paramiko.transport: [chan 0] Max packet out: 32768 bytes
DEB [20181123-14:45:05.234] thr=1   paramiko.transport: Secsh channel 0 opened.
DEB [20181123-14:45:05.236] thr=1   paramiko.transport: [chan 0] Sesch channel 0 request ok
DEB [20181123-14:45:05.239] thr=3   paramiko.transport: starting thread (client mode): 0xc8085828
DEB [20181123-14:45:05.239] thr=3   paramiko.transport: Local version/idstring: SSH-2.0-paramiko_2.4.2
DEB [20181123-14:45:05.246] thr=3   paramiko.transport: Remote version/idstring: SSH-2.0-OpenSSH_7.5
INF [20181123-14:45:05.246] thr=3   paramiko.transport: Connected (version 2.0, client OpenSSH_7.5)
DEB [20181123-14:45:05.248] thr=3   paramiko.transport: kex algos:['curve25519-sha256', 'curve25519-sha256@libssh.org', 'ecdh-sha2-nistp256', 'ecdh-sha2-nistp384', 'ecdh-sha2-nistp521', 'diffie-hellman-group-exchange-sha256', 'diffie-hellman-group16-sha512', 'diffie-hellman-group18-sha512', 'diffie-hellman-group14-sha256', 'diffie-hellman-group14-sha1'] server key:['ssh-rsa', 'rsa-sha2-512', 'rsa-sha2-256'] client encrypt:['aes128-ctr', 'aes192-ctr', 'aes256-ctr', '3des-cbc'] server encrypt:['aes128-ctr', 'aes192-ctr', 'aes256-ctr', '3des-cbc'] client mac:['hmac-sha2-256', 'hmac-sha2-512', 'hmac-sha1'] server mac:['hmac-sha2-256', 'hmac-sha2-512', 'hmac-sha1'] client compress:['none', 'zlib@openssh.com'] server compress:['none', 'zlib@openssh.com'] client lang:[''] server lang:[''] kex follows?False
DEB [20181123-14:45:05.249] thr=3   paramiko.transport: Kex agreed: ecdh-sha2-nistp256
DEB [20181123-14:45:05.249] thr=3   paramiko.transport: HostKey agreed: ssh-rsa
DEB [20181123-14:45:05.250] thr=3   paramiko.transport: Cipher agreed: aes128-ctr
DEB [20181123-14:45:05.250] thr=3   paramiko.transport: MAC agreed: hmac-sha2-256
DEB [20181123-14:45:05.250] thr=3   paramiko.transport: Compression agreed: none
DEB [20181123-14:45:05.337] thr=1   paramiko.transport: EOF in transport thread
DEB [20181123-14:45:05.377] thr=3   paramiko.transport: kex engine KexNistp256 specified hash_algo <built-in function openssl_sha256>
DEB [20181123-14:45:05.379] thr=3   paramiko.transport: Switch to new keys ...
DEB [20181123-14:45:05.381] thr=2   paramiko.transport: Adding ssh-rsa host key for 172.16.1.201: b'604598cac6e4f25ac3ea8ad67ffe0784'
DEB [20181123-14:45:05.489] thr=3   paramiko.transport: userauth is OK
DEB [20181123-14:45:05.495] thr=3   paramiko.transport: Authentication type (password) not permitted.
DEB [20181123-14:45:05.495] thr=3   paramiko.transport: Allowed methods: ['publickey', 'keyboard-interactive']
DEB [20181123-14:45:05.497] thr=3   paramiko.transport: userauth is OK
INF [20181123-14:45:05.546] thr=3   paramiko.transport: Authentication (keyboard-interactive) successful!
DEB [20181123-14:45:05.547] thr=2   paramiko.transport: [chan 0] Max packet in: 32768 bytes
DEB [20181123-14:45:05.550] thr=3   paramiko.transport: Received global request "hostkeys-00@openssh.com"
DEB [20181123-14:45:05.550] thr=3   paramiko.transport: Rejecting "hostkeys-00@openssh.com" global request from server.
DEB [20181123-14:45:05.590] thr=3   paramiko.transport: [chan 0] Max packet out: 32768 bytes
DEB [20181123-14:45:05.591] thr=3   paramiko.transport: Secsh channel 0 opened.
DEB [20181123-14:45:05.594] thr=3   paramiko.transport: [chan 0] Sesch channel 0 request ok
DEB [20181123-14:45:05.695] thr=3   paramiko.transport: EOF in transport thread
DEB [20181123-14:45:41.937] thr=4   paramiko.transport: starting thread (client mode): 0xc8024358
DEB [20181123-14:45:41.939] thr=4   paramiko.transport: Local version/idstring: SSH-2.0-paramiko_2.4.2
DEB [20181123-14:45:42.057] thr=4   paramiko.transport: Remote version/idstring: SSH-2.0-Cisco-1.25
INF [20181123-14:45:42.058] thr=4   paramiko.transport: Connected (version 2.0, client Cisco-1.25)
DEB [20181123-14:45:42.118] thr=4   paramiko.transport: kex algos:['diffie-hellman-group-exchange-sha1', 'diffie-hellman-group14-sha1'] server key:['ssh-rsa'] client encrypt:['aes128-ctr', 'aes192-ctr', 'aes256-ctr', 'aes128-cbc', '3des-cbc', 'aes192-cbc', 'aes256-cbc'] server encrypt:['aes128-ctr', 'aes192-ctr', 'aes256-ctr', 'aes128-cbc', '3des-cbc', 'aes192-cbc', 'aes256-cbc'] client mac:['hmac-sha1', 'hmac-sha1-96'] server mac:['hmac-sha1', 'hmac-sha1-96'] client compress:['none'] server compress:['none'] client lang:[''] server lang:[''] kex follows?False
DEB [20181123-14:45:42.119] thr=4   paramiko.transport: Kex agreed: diffie-hellman-group-exchange-sha1
DEB [20181123-14:45:42.119] thr=4   paramiko.transport: HostKey agreed: ssh-rsa
DEB [20181123-14:45:42.120] thr=4   paramiko.transport: Cipher agreed: aes128-ctr
DEB [20181123-14:45:42.120] thr=4   paramiko.transport: MAC agreed: hmac-sha1
DEB [20181123-14:45:42.120] thr=4   paramiko.transport: Compression agreed: none
DEB [20181123-14:45:42.161] thr=4   paramiko.transport: Got server p (2048 bits)
DEB [20181123-14:45:43.345] thr=4   paramiko.transport: kex engine KexGex specified hash_algo <built-in function openssl_sha1>
DEB [20181123-14:45:43.349] thr=4   paramiko.transport: Switch to new keys ...
DEB [20181123-14:45:43.353] thr=2   paramiko.transport: Adding ssh-rsa host key for 192.168.1.105: b'22d2f93d3a09c19f4c0a51aab0ea92cc'
DEB [20181123-14:45:43.566] thr=4   paramiko.transport: userauth is OK
INF [20181123-14:45:43.622] thr=4   paramiko.transport: Authentication (password) successful!
DEB [20181123-14:45:43.624] thr=2   paramiko.transport: [chan 0] Max packet in: 32768 bytes
DEB [20181123-14:45:43.635] thr=4   paramiko.transport: [chan 0] Max packet out: 4096 bytes
DEB [20181123-14:45:43.636] thr=4   paramiko.transport: Secsh channel 0 opened.
DEB [20181123-14:45:43.650] thr=4   paramiko.transport: [chan 0] Sesch channel 0 request ok
DEB [20181123-14:45:43.664] thr=4   paramiko.transport: [chan 0] Sesch channel 0 request ok
DEB [20181123-14:45:48.272] thr=4   paramiko.transport: EOF in transport thread
DEB [20181123-14:46:40.583] thr=1   paramiko.transport: starting thread (client mode): 0xb00f7278
DEB [20181123-14:46:40.585] thr=1   paramiko.transport: Local version/idstring: SSH-2.0-paramiko_2.4.2
DEB [20181123-14:46:40.604] thr=1   paramiko.transport: Remote version/idstring: SSH-2.0-OpenSSH_7.5
INF [20181123-14:46:40.606] thr=1   paramiko.transport: Connected (version 2.0, client OpenSSH_7.5)
DEB [20181123-14:46:40.610] thr=1   paramiko.transport: kex algos:['curve25519-sha256', 'curve25519-sha256@libssh.org', 'ecdh-sha2-nistp256', 'ecdh-sha2-nistp384', 'ecdh-sha2-nistp521', 'diffie-hellman-group-exchange-sha256', 'diffie-hellman-group16-sha512', 'diffie-hellman-group18-sha512', 'diffie-hellman-group14-sha256', 'diffie-hellman-group14-sha1'] server key:['ssh-rsa', 'rsa-sha2-512', 'rsa-sha2-256'] client encrypt:['aes128-ctr', 'aes192-ctr', 'aes256-ctr', '3des-cbc'] server encrypt:['aes128-ctr', 'aes192-ctr', 'aes256-ctr', '3des-cbc'] client mac:['hmac-sha2-256', 'hmac-sha2-512', 'hmac-sha1'] server mac:['hmac-sha2-256', 'hmac-sha2-512', 'hmac-sha1'] client compress:['none', 'zlib@openssh.com'] server compress:['none', 'zlib@openssh.com'] client lang:[''] server lang:[''] kex follows?False
DEB [20181123-14:46:40.611] thr=1   paramiko.transport: Kex agreed: ecdh-sha2-nistp256
DEB [20181123-14:46:40.611] thr=1   paramiko.transport: HostKey agreed: ssh-rsa
DEB [20181123-14:46:40.611] thr=1   paramiko.transport: Cipher agreed: aes128-ctr
DEB [20181123-14:46:40.612] thr=1   paramiko.transport: MAC agreed: hmac-sha2-256
DEB [20181123-14:46:40.612] thr=1   paramiko.transport: Compression agreed: none
DEB [20181123-14:46:40.849] thr=1   paramiko.transport: kex engine KexNistp256 specified hash_algo <built-in function openssl_sha256>
DEB [20181123-14:46:40.851] thr=1   paramiko.transport: Switch to new keys ...
DEB [20181123-14:46:40.854] thr=2   paramiko.transport: Adding ssh-rsa host key for 172.16.1.201: b'604598cac6e4f25ac3ea8ad67ffe0784'
DEB [20181123-14:46:40.953] thr=1   paramiko.transport: userauth is OK
DEB [20181123-14:46:40.965] thr=1   paramiko.transport: Authentication type (password) not permitted.
DEB [20181123-14:46:40.966] thr=1   paramiko.transport: Allowed methods: ['publickey', 'keyboard-interactive']
DEB [20181123-14:46:40.969] thr=1   paramiko.transport: userauth is OK
INF [20181123-14:46:41.092] thr=1   paramiko.transport: Authentication (keyboard-interactive) successful!
DEB [20181123-14:46:41.094] thr=2   paramiko.transport: [chan 0] Max packet in: 32768 bytes
DEB [20181123-14:46:41.113] thr=1   paramiko.transport: Received global request "hostkeys-00@openssh.com"
DEB [20181123-14:46:41.113] thr=1   paramiko.transport: Rejecting "hostkeys-00@openssh.com" global request from server.
DEB [20181123-14:46:41.153] thr=1   paramiko.transport: [chan 0] Max packet out: 32768 bytes
DEB [20181123-14:46:41.154] thr=1   paramiko.transport: Secsh channel 0 opened.
DEB [20181123-14:46:41.158] thr=1   paramiko.transport: [chan 0] Sesch channel 0 request ok
DEB [20181123-14:46:41.163] thr=3   paramiko.transport: starting thread (client mode): 0xa0097b00
DEB [20181123-14:46:41.164] thr=3   paramiko.transport: Local version/idstring: SSH-2.0-paramiko_2.4.2
DEB [20181123-14:46:41.181] thr=3   paramiko.transport: Remote version/idstring: SSH-2.0-OpenSSH_7.5
INF [20181123-14:46:41.182] thr=3   paramiko.transport: Connected (version 2.0, client OpenSSH_7.5)
DEB [20181123-14:46:41.184] thr=3   paramiko.transport: kex algos:['curve25519-sha256', 'curve25519-sha256@libssh.org', 'ecdh-sha2-nistp256', 'ecdh-sha2-nistp384', 'ecdh-sha2-nistp521', 'diffie-hellman-group-exchange-sha256', 'diffie-hellman-group16-sha512', 'diffie-hellman-group18-sha512', 'diffie-hellman-group14-sha256', 'diffie-hellman-group14-sha1'] server key:['ssh-rsa', 'rsa-sha2-512', 'rsa-sha2-256'] client encrypt:['aes128-ctr', 'aes192-ctr', 'aes256-ctr', '3des-cbc'] server encrypt:['aes128-ctr', 'aes192-ctr', 'aes256-ctr', '3des-cbc'] client mac:['hmac-sha2-256', 'hmac-sha2-512', 'hmac-sha1'] server mac:['hmac-sha2-256', 'hmac-sha2-512', 'hmac-sha1'] client compress:['none', 'zlib@openssh.com'] server compress:['none', 'zlib@openssh.com'] client lang:[''] server lang:[''] kex follows?False
DEB [20181123-14:46:41.185] thr=3   paramiko.transport: Kex agreed: ecdh-sha2-nistp256
DEB [20181123-14:46:41.185] thr=3   paramiko.transport: HostKey agreed: ssh-rsa
DEB [20181123-14:46:41.185] thr=3   paramiko.transport: Cipher agreed: aes128-ctr
DEB [20181123-14:46:41.186] thr=3   paramiko.transport: MAC agreed: hmac-sha2-256
DEB [20181123-14:46:41.187] thr=3   paramiko.transport: Compression agreed: none
DEB [20181123-14:46:41.259] thr=1   paramiko.transport: EOF in transport thread
DEB [20181123-14:46:41.332] thr=3   paramiko.transport: kex engine KexNistp256 specified hash_algo <built-in function openssl_sha256>
DEB [20181123-14:46:41.334] thr=3   paramiko.transport: Switch to new keys ...
DEB [20181123-14:46:41.337] thr=2   paramiko.transport: Adding ssh-rsa host key for 172.16.1.201: b'604598cac6e4f25ac3ea8ad67ffe0784'
DEB [20181123-14:46:41.443] thr=3   paramiko.transport: userauth is OK
DEB [20181123-14:46:41.454] thr=3   paramiko.transport: Authentication type (password) not permitted.
DEB [20181123-14:46:41.454] thr=3   paramiko.transport: Allowed methods: ['publickey', 'keyboard-interactive']
DEB [20181123-14:46:41.457] thr=3   paramiko.transport: userauth is OK
INF [20181123-14:46:41.556] thr=3   paramiko.transport: Authentication (keyboard-interactive) successful!
DEB [20181123-14:46:41.557] thr=2   paramiko.transport: [chan 0] Max packet in: 32768 bytes
DEB [20181123-14:46:41.562] thr=3   paramiko.transport: Received global request "hostkeys-00@openssh.com"
DEB [20181123-14:46:41.562] thr=3   paramiko.transport: Rejecting "hostkeys-00@openssh.com" global request from server.
DEB [20181123-14:46:41.603] thr=3   paramiko.transport: [chan 0] Max packet out: 32768 bytes
DEB [20181123-14:46:41.604] thr=3   paramiko.transport: Secsh channel 0 opened.
DEB [20181123-14:46:41.609] thr=3   paramiko.transport: [chan 0] Sesch channel 0 request ok
DEB [20181123-14:46:41.715] thr=3   paramiko.transport: EOF in transport thread
DEB [20181123-14:47:20.039] thr=4   paramiko.transport: starting thread (client mode): 0x8961e6d8
DEB [20181123-14:47:20.041] thr=4   paramiko.transport: Local version/idstring: SSH-2.0-paramiko_2.4.2
DEB [20181123-14:47:20.057] thr=4   paramiko.transport: Remote version/idstring: SSH-2.0-Cisco-1.25
INF [20181123-14:47:20.058] thr=4   paramiko.transport: Connected (version 2.0, client Cisco-1.25)
DEB [20181123-14:47:20.078] thr=4   paramiko.transport: kex algos:['diffie-hellman-group-exchange-sha1', 'diffie-hellman-group14-sha1'] server key:['ssh-rsa'] client encrypt:['aes128-ctr', 'aes192-ctr', 'aes256-ctr', 'aes128-cbc', '3des-cbc', 'aes192-cbc', 'aes256-cbc'] server encrypt:['aes128-ctr', 'aes192-ctr', 'aes256-ctr', 'aes128-cbc', '3des-cbc', 'aes192-cbc', 'aes256-cbc'] client mac:['hmac-sha1', 'hmac-sha1-96'] server mac:['hmac-sha1', 'hmac-sha1-96'] client compress:['none'] server compress:['none'] client lang:[''] server lang:[''] kex follows?False
DEB [20181123-14:47:20.079] thr=4   paramiko.transport: Kex agreed: diffie-hellman-group-exchange-sha1
DEB [20181123-14:47:20.079] thr=4   paramiko.transport: HostKey agreed: ssh-rsa
DEB [20181123-14:47:20.080] thr=4   paramiko.transport: Cipher agreed: aes128-ctr
DEB [20181123-14:47:20.080] thr=4   paramiko.transport: MAC agreed: hmac-sha1
DEB [20181123-14:47:20.081] thr=4   paramiko.transport: Compression agreed: none
DEB [20181123-14:47:20.294] thr=4   paramiko.transport: Got server p (2048 bits)
DEB [20181123-14:47:20.983] thr=4   paramiko.transport: kex engine KexGex specified hash_algo <built-in function openssl_sha1>
DEB [20181123-14:47:20.985] thr=4   paramiko.transport: Switch to new keys ...
DEB [20181123-14:47:20.987] thr=2   paramiko.transport: Adding ssh-rsa host key for 192.168.1.105: b'22d2f93d3a09c19f4c0a51aab0ea92cc'
DEB [20181123-14:47:21.210] thr=4   paramiko.transport: userauth is OK
INF [20181123-14:47:21.262] thr=4   paramiko.transport: Authentication (password) successful!
DEB [20181123-14:47:21.264] thr=2   paramiko.transport: [chan 0] Max packet in: 32768 bytes
DEB [20181123-14:47:21.272] thr=4   paramiko.transport: [chan 0] Max packet out: 4096 bytes
DEB [20181123-14:47:21.272] thr=4   paramiko.transport: Secsh channel 0 opened.
DEB [20181123-14:47:21.281] thr=4   paramiko.transport: [chan 0] Sesch channel 0 request ok
DEB [20181123-14:47:21.290] thr=4   paramiko.transport: [chan 0] Sesch channel 0 request ok
DEB [20181123-14:47:25.878] thr=4   paramiko.transport: EOF in transport thread
DEB [20181123-14:49:00.292] thr=1   paramiko.transport: starting thread (client mode): 0x14146470
DEB [20181123-14:49:00.293] thr=1   paramiko.transport: Local version/idstring: SSH-2.0-paramiko_2.4.2
DEB [20181123-14:49:00.315] thr=1   paramiko.transport: Remote version/idstring: SSH-2.0-OpenSSH_7.5
INF [20181123-14:49:00.316] thr=1   paramiko.transport: Connected (version 2.0, client OpenSSH_7.5)
DEB [20181123-14:49:00.325] thr=1   paramiko.transport: kex algos:['curve25519-sha256', 'curve25519-sha256@libssh.org', 'ecdh-sha2-nistp256', 'ecdh-sha2-nistp384', 'ecdh-sha2-nistp521', 'diffie-hellman-group-exchange-sha256', 'diffie-hellman-group16-sha512', 'diffie-hellman-group18-sha512', 'diffie-hellman-group14-sha256', 'diffie-hellman-group14-sha1'] server key:['ssh-rsa', 'rsa-sha2-512', 'rsa-sha2-256'] client encrypt:['aes128-ctr', 'aes192-ctr', 'aes256-ctr', '3des-cbc'] server encrypt:['aes128-ctr', 'aes192-ctr', 'aes256-ctr', '3des-cbc'] client mac:['hmac-sha2-256', 'hmac-sha2-512', 'hmac-sha1'] server mac:['hmac-sha2-256', 'hmac-sha2-512', 'hmac-sha1'] client compress:['none', 'zlib@openssh.com'] server compress:['none', 'zlib@openssh.com'] client lang:[''] server lang:[''] kex follows?False
DEB [20181123-14:49:00.326] thr=1   paramiko.transport: Kex agreed: ecdh-sha2-nistp256
DEB [20181123-14:49:00.326] thr=1   paramiko.transport: HostKey agreed: ssh-rsa
DEB [20181123-14:49:00.326] thr=1   paramiko.transport: Cipher agreed: aes128-ctr
DEB [20181123-14:49:00.327] thr=1   paramiko.transport: MAC agreed: hmac-sha2-256
DEB [20181123-14:49:00.327] thr=1   paramiko.transport: Compression agreed: none
DEB [20181123-14:49:00.545] thr=1   paramiko.transport: kex engine KexNistp256 specified hash_algo <built-in function openssl_sha256>
DEB [20181123-14:49:00.547] thr=1   paramiko.transport: Switch to new keys ...
DEB [20181123-14:49:00.549] thr=2   paramiko.transport: Adding ssh-rsa host key for 172.16.1.201: b'604598cac6e4f25ac3ea8ad67ffe0784'
DEB [20181123-14:49:00.649] thr=1   paramiko.transport: userauth is OK
DEB [20181123-14:49:00.662] thr=1   paramiko.transport: Authentication type (password) not permitted.
DEB [20181123-14:49:00.662] thr=1   paramiko.transport: Allowed methods: ['publickey', 'keyboard-interactive']
DEB [20181123-14:49:00.665] thr=1   paramiko.transport: userauth is OK
INF [20181123-14:49:00.796] thr=1   paramiko.transport: Authentication (keyboard-interactive) successful!
DEB [20181123-14:49:00.797] thr=2   paramiko.transport: [chan 0] Max packet in: 32768 bytes
DEB [20181123-14:49:00.815] thr=1   paramiko.transport: Received global request "hostkeys-00@openssh.com"
DEB [20181123-14:49:00.816] thr=1   paramiko.transport: Rejecting "hostkeys-00@openssh.com" global request from server.
DEB [20181123-14:49:00.856] thr=1   paramiko.transport: [chan 0] Max packet out: 32768 bytes
DEB [20181123-14:49:00.856] thr=1   paramiko.transport: Secsh channel 0 opened.
DEB [20181123-14:49:00.861] thr=1   paramiko.transport: [chan 0] Sesch channel 0 request ok
DEB [20181123-14:49:00.865] thr=3   paramiko.transport: starting thread (client mode): 0xc0fdb00
DEB [20181123-14:49:00.865] thr=3   paramiko.transport: Local version/idstring: SSH-2.0-paramiko_2.4.2
DEB [20181123-14:49:00.881] thr=3   paramiko.transport: Remote version/idstring: SSH-2.0-OpenSSH_7.5
INF [20181123-14:49:00.881] thr=3   paramiko.transport: Connected (version 2.0, client OpenSSH_7.5)
DEB [20181123-14:49:00.884] thr=3   paramiko.transport: kex algos:['curve25519-sha256', 'curve25519-sha256@libssh.org', 'ecdh-sha2-nistp256', 'ecdh-sha2-nistp384', 'ecdh-sha2-nistp521', 'diffie-hellman-group-exchange-sha256', 'diffie-hellman-group16-sha512', 'diffie-hellman-group18-sha512', 'diffie-hellman-group14-sha256', 'diffie-hellman-group14-sha1'] server key:['ssh-rsa', 'rsa-sha2-512', 'rsa-sha2-256'] client encrypt:['aes128-ctr', 'aes192-ctr', 'aes256-ctr', '3des-cbc'] server encrypt:['aes128-ctr', 'aes192-ctr', 'aes256-ctr', '3des-cbc'] client mac:['hmac-sha2-256', 'hmac-sha2-512', 'hmac-sha1'] server mac:['hmac-sha2-256', 'hmac-sha2-512', 'hmac-sha1'] client compress:['none', 'zlib@openssh.com'] server compress:['none', 'zlib@openssh.com'] client lang:[''] server lang:[''] kex follows?False
DEB [20181123-14:49:00.885] thr=3   paramiko.transport: Kex agreed: ecdh-sha2-nistp256
DEB [20181123-14:49:00.885] thr=3   paramiko.transport: HostKey agreed: ssh-rsa
DEB [20181123-14:49:00.885] thr=3   paramiko.transport: Cipher agreed: aes128-ctr
DEB [20181123-14:49:00.886] thr=3   paramiko.transport: MAC agreed: hmac-sha2-256
DEB [20181123-14:49:00.886] thr=3   paramiko.transport: Compression agreed: none
DEB [20181123-14:49:00.926] thr=3   paramiko.transport: kex engine KexNistp256 specified hash_algo <built-in function openssl_sha256>
DEB [20181123-14:49:00.927] thr=3   paramiko.transport: Switch to new keys ...
DEB [20181123-14:49:00.929] thr=2   paramiko.transport: Adding ssh-rsa host key for 172.16.1.201: b'604598cac6e4f25ac3ea8ad67ffe0784'
DEB [20181123-14:49:00.962] thr=1   paramiko.transport: EOF in transport thread
DEB [20181123-14:49:01.038] thr=3   paramiko.transport: userauth is OK
DEB [20181123-14:49:01.048] thr=3   paramiko.transport: Authentication type (password) not permitted.
DEB [20181123-14:49:01.048] thr=3   paramiko.transport: Allowed methods: ['publickey', 'keyboard-interactive']
DEB [20181123-14:49:01.051] thr=3   paramiko.transport: userauth is OK
INF [20181123-14:49:01.163] thr=3   paramiko.transport: Authentication (keyboard-interactive) successful!
DEB [20181123-14:49:01.165] thr=2   paramiko.transport: [chan 0] Max packet in: 32768 bytes
DEB [20181123-14:49:01.169] thr=3   paramiko.transport: Received global request "hostkeys-00@openssh.com"
DEB [20181123-14:49:01.170] thr=3   paramiko.transport: Rejecting "hostkeys-00@openssh.com" global request from server.
DEB [20181123-14:49:01.212] thr=3   paramiko.transport: [chan 0] Max packet out: 32768 bytes
DEB [20181123-14:49:01.213] thr=3   paramiko.transport: Secsh channel 0 opened.
DEB [20181123-14:49:01.218] thr=3   paramiko.transport: [chan 0] Sesch channel 0 request ok
DEB [20181123-14:49:01.319] thr=3   paramiko.transport: EOF in transport thread
DEB [20181123-14:49:39.481] thr=4   paramiko.transport: starting thread (client mode): 0x141296a0
DEB [20181123-14:49:39.482] thr=4   paramiko.transport: Local version/idstring: SSH-2.0-paramiko_2.4.2
DEB [20181123-14:49:39.488] thr=4   paramiko.transport: Remote version/idstring: SSH-2.0-Cisco-1.25
INF [20181123-14:49:39.488] thr=4   paramiko.transport: Connected (version 2.0, client Cisco-1.25)
DEB [20181123-14:49:39.492] thr=4   paramiko.transport: kex algos:['diffie-hellman-group-exchange-sha1', 'diffie-hellman-group14-sha1'] server key:['ssh-rsa'] client encrypt:['aes128-ctr', 'aes192-ctr', 'aes256-ctr', 'aes128-cbc', '3des-cbc', 'aes192-cbc', 'aes256-cbc'] server encrypt:['aes128-ctr', 'aes192-ctr', 'aes256-ctr', 'aes128-cbc', '3des-cbc', 'aes192-cbc', 'aes256-cbc'] client mac:['hmac-sha1', 'hmac-sha1-96'] server mac:['hmac-sha1', 'hmac-sha1-96'] client compress:['none'] server compress:['none'] client lang:[''] server lang:[''] kex follows?False
DEB [20181123-14:49:39.492] thr=4   paramiko.transport: Kex agreed: diffie-hellman-group-exchange-sha1
DEB [20181123-14:49:39.493] thr=4   paramiko.transport: HostKey agreed: ssh-rsa
DEB [20181123-14:49:39.493] thr=4   paramiko.transport: Cipher agreed: aes128-ctr
DEB [20181123-14:49:39.493] thr=4   paramiko.transport: MAC agreed: hmac-sha1
DEB [20181123-14:49:39.494] thr=4   paramiko.transport: Compression agreed: none
DEB [20181123-14:49:39.716] thr=4   paramiko.transport: Got server p (2048 bits)
DEB [20181123-14:49:39.971] thr=4   paramiko.transport: kex engine KexGex specified hash_algo <built-in function openssl_sha1>
DEB [20181123-14:49:39.973] thr=4   paramiko.transport: Switch to new keys ...
DEB [20181123-14:49:39.975] thr=2   paramiko.transport: Adding ssh-rsa host key for 192.168.1.105: b'22d2f93d3a09c19f4c0a51aab0ea92cc'
DEB [20181123-14:49:40.180] thr=4   paramiko.transport: userauth is OK
INF [20181123-14:49:40.191] thr=4   paramiko.transport: Authentication (password) successful!
DEB [20181123-14:49:40.193] thr=2   paramiko.transport: [chan 0] Max packet in: 32768 bytes
DEB [20181123-14:49:40.200] thr=4   paramiko.transport: [chan 0] Max packet out: 4096 bytes
DEB [20181123-14:49:40.200] thr=4   paramiko.transport: Secsh channel 0 opened.
DEB [20181123-14:49:40.205] thr=4   paramiko.transport: [chan 0] Sesch channel 0 request ok
DEB [20181123-14:49:40.209] thr=4   paramiko.transport: [chan 0] Sesch channel 0 request ok
DEB [20181123-14:49:44.761] thr=4   paramiko.transport: EOF in transport thread
DEB [20181124-02:03:30.367] thr=1   paramiko.transport: starting thread (client mode): 0x6c13c1d0
DEB [20181124-02:03:30.368] thr=1   paramiko.transport: Local version/idstring: SSH-2.0-paramiko_2.4.2
DEB [20181124-02:03:30.386] thr=1   paramiko.transport: Remote version/idstring: SSH-2.0-OpenSSH_7.5
INF [20181124-02:03:30.387] thr=1   paramiko.transport: Connected (version 2.0, client OpenSSH_7.5)
DEB [20181124-02:03:30.389] thr=1   paramiko.transport: kex algos:['curve25519-sha256', 'curve25519-sha256@libssh.org', 'ecdh-sha2-nistp256', 'ecdh-sha2-nistp384', 'ecdh-sha2-nistp521', 'diffie-hellman-group-exchange-sha256', 'diffie-hellman-group16-sha512', 'diffie-hellman-group18-sha512', 'diffie-hellman-group14-sha256', 'diffie-hellman-group14-sha1'] server key:['ssh-rsa', 'rsa-sha2-512', 'rsa-sha2-256'] client encrypt:['aes128-ctr', 'aes192-ctr', 'aes256-ctr', '3des-cbc'] server encrypt:['aes128-ctr', 'aes192-ctr', 'aes256-ctr', '3des-cbc'] client mac:['hmac-sha2-256', 'hmac-sha2-512', 'hmac-sha1'] server mac:['hmac-sha2-256', 'hmac-sha2-512', 'hmac-sha1'] client compress:['none', 'zlib@openssh.com'] server compress:['none', 'zlib@openssh.com'] client lang:[''] server lang:[''] kex follows?False
DEB [20181124-02:03:30.390] thr=1   paramiko.transport: Kex agreed: ecdh-sha2-nistp256
DEB [20181124-02:03:30.390] thr=1   paramiko.transport: HostKey agreed: ssh-rsa
DEB [20181124-02:03:30.390] thr=1   paramiko.transport: Cipher agreed: aes128-ctr
DEB [20181124-02:03:30.391] thr=1   paramiko.transport: MAC agreed: hmac-sha2-256
DEB [20181124-02:03:30.391] thr=1   paramiko.transport: Compression agreed: none
DEB [20181124-02:03:30.609] thr=1   paramiko.transport: kex engine KexNistp256 specified hash_algo <built-in function openssl_sha256>
DEB [20181124-02:03:30.610] thr=1   paramiko.transport: Switch to new keys ...
DEB [20181124-02:03:30.612] thr=2   paramiko.transport: Adding ssh-rsa host key for 172.16.1.201: b'604598cac6e4f25ac3ea8ad67ffe0784'
DEB [20181124-02:03:30.714] thr=1   paramiko.transport: userauth is OK
DEB [20181124-02:03:30.727] thr=1   paramiko.transport: Authentication type (password) not permitted.
DEB [20181124-02:03:30.728] thr=1   paramiko.transport: Allowed methods: ['publickey', 'keyboard-interactive']
DEB [20181124-02:03:30.730] thr=1   paramiko.transport: userauth is OK
INF [20181124-02:03:30.839] thr=1   paramiko.transport: Authentication (keyboard-interactive) successful!
DEB [20181124-02:03:30.841] thr=2   paramiko.transport: [chan 0] Max packet in: 32768 bytes
DEB [20181124-02:03:30.844] thr=1   paramiko.transport: Received global request "hostkeys-00@openssh.com"
DEB [20181124-02:03:30.845] thr=1   paramiko.transport: Rejecting "hostkeys-00@openssh.com" global request from server.
DEB [20181124-02:03:30.887] thr=1   paramiko.transport: [chan 0] Max packet out: 32768 bytes
DEB [20181124-02:03:30.888] thr=1   paramiko.transport: Secsh channel 0 opened.
DEB [20181124-02:03:30.894] thr=1   paramiko.transport: [chan 0] Sesch channel 0 request ok
DEB [20181124-02:03:30.901] thr=3   paramiko.transport: starting thread (client mode): 0x545176a0
DEB [20181124-02:03:30.903] thr=3   paramiko.transport: Local version/idstring: SSH-2.0-paramiko_2.4.2
DEB [20181124-02:03:30.920] thr=3   paramiko.transport: Remote version/idstring: SSH-2.0-OpenSSH_7.5
INF [20181124-02:03:30.921] thr=3   paramiko.transport: Connected (version 2.0, client OpenSSH_7.5)
DEB [20181124-02:03:30.923] thr=3   paramiko.transport: kex algos:['curve25519-sha256', 'curve25519-sha256@libssh.org', 'ecdh-sha2-nistp256', 'ecdh-sha2-nistp384', 'ecdh-sha2-nistp521', 'diffie-hellman-group-exchange-sha256', 'diffie-hellman-group16-sha512', 'diffie-hellman-group18-sha512', 'diffie-hellman-group14-sha256', 'diffie-hellman-group14-sha1'] server key:['ssh-rsa', 'rsa-sha2-512', 'rsa-sha2-256'] client encrypt:['aes128-ctr', 'aes192-ctr', 'aes256-ctr', '3des-cbc'] server encrypt:['aes128-ctr', 'aes192-ctr', 'aes256-ctr', '3des-cbc'] client mac:['hmac-sha2-256', 'hmac-sha2-512', 'hmac-sha1'] server mac:['hmac-sha2-256', 'hmac-sha2-512', 'hmac-sha1'] client compress:['none', 'zlib@openssh.com'] server compress:['none', 'zlib@openssh.com'] client lang:[''] server lang:[''] kex follows?False
DEB [20181124-02:03:30.923] thr=3   paramiko.transport: Kex agreed: ecdh-sha2-nistp256
DEB [20181124-02:03:30.923] thr=3   paramiko.transport: HostKey agreed: ssh-rsa
DEB [20181124-02:03:30.923] thr=3   paramiko.transport: Cipher agreed: aes128-ctr
DEB [20181124-02:03:30.924] thr=3   paramiko.transport: MAC agreed: hmac-sha2-256
DEB [20181124-02:03:30.924] thr=3   paramiko.transport: Compression agreed: none
DEB [20181124-02:03:30.995] thr=1   paramiko.transport: EOF in transport thread
DEB [20181124-02:03:31.063] thr=3   paramiko.transport: kex engine KexNistp256 specified hash_algo <built-in function openssl_sha256>
DEB [20181124-02:03:31.065] thr=3   paramiko.transport: Switch to new keys ...
DEB [20181124-02:03:31.067] thr=2   paramiko.transport: Adding ssh-rsa host key for 172.16.1.201: b'604598cac6e4f25ac3ea8ad67ffe0784'
DEB [20181124-02:03:31.174] thr=3   paramiko.transport: userauth is OK
DEB [20181124-02:03:31.187] thr=3   paramiko.transport: Authentication type (password) not permitted.
DEB [20181124-02:03:31.188] thr=3   paramiko.transport: Allowed methods: ['publickey', 'keyboard-interactive']
DEB [20181124-02:03:31.189] thr=3   paramiko.transport: userauth is OK
INF [20181124-02:03:31.300] thr=3   paramiko.transport: Authentication (keyboard-interactive) successful!
DEB [20181124-02:03:31.301] thr=2   paramiko.transport: [chan 0] Max packet in: 32768 bytes
DEB [20181124-02:03:31.318] thr=3   paramiko.transport: Received global request "hostkeys-00@openssh.com"
DEB [20181124-02:03:31.318] thr=3   paramiko.transport: Rejecting "hostkeys-00@openssh.com" global request from server.
DEB [20181124-02:03:31.358] thr=3   paramiko.transport: [chan 0] Max packet out: 32768 bytes
DEB [20181124-02:03:31.359] thr=3   paramiko.transport: Secsh channel 0 opened.
DEB [20181124-02:03:31.364] thr=3   paramiko.transport: [chan 0] Sesch channel 0 request ok
DEB [20181124-02:03:31.470] thr=3   paramiko.transport: EOF in transport thread
DEB [20181124-02:04:10.118] thr=4   paramiko.transport: starting thread (client mode): 0x544ba160
DEB [20181124-02:04:10.119] thr=4   paramiko.transport: Local version/idstring: SSH-2.0-paramiko_2.4.2
DEB [20181124-02:04:10.186] thr=4   paramiko.transport: Remote version/idstring: SSH-2.0-Cisco-1.25
INF [20181124-02:04:10.187] thr=4   paramiko.transport: Connected (version 2.0, client Cisco-1.25)
DEB [20181124-02:04:10.205] thr=4   paramiko.transport: kex algos:['diffie-hellman-group-exchange-sha1', 'diffie-hellman-group14-sha1'] server key:['ssh-rsa'] client encrypt:['aes128-ctr', 'aes192-ctr', 'aes256-ctr', 'aes128-cbc', '3des-cbc', 'aes192-cbc', 'aes256-cbc'] server encrypt:['aes128-ctr', 'aes192-ctr', 'aes256-ctr', 'aes128-cbc', '3des-cbc', 'aes192-cbc', 'aes256-cbc'] client mac:['hmac-sha1', 'hmac-sha1-96'] server mac:['hmac-sha1', 'hmac-sha1-96'] client compress:['none'] server compress:['none'] client lang:[''] server lang:[''] kex follows?False
DEB [20181124-02:04:10.205] thr=4   paramiko.transport: Kex agreed: diffie-hellman-group-exchange-sha1
DEB [20181124-02:04:10.206] thr=4   paramiko.transport: HostKey agreed: ssh-rsa
DEB [20181124-02:04:10.206] thr=4   paramiko.transport: Cipher agreed: aes128-ctr
DEB [20181124-02:04:10.207] thr=4   paramiko.transport: MAC agreed: hmac-sha1
DEB [20181124-02:04:10.207] thr=4   paramiko.transport: Compression agreed: none
DEB [20181124-02:04:10.220] thr=4   paramiko.transport: Got server p (2048 bits)
DEB [20181124-02:04:10.662] thr=4   paramiko.transport: kex engine KexGex specified hash_algo <built-in function openssl_sha1>
DEB [20181124-02:04:10.664] thr=4   paramiko.transport: Switch to new keys ...
DEB [20181124-02:04:10.666] thr=2   paramiko.transport: Adding ssh-rsa host key for 192.168.1.105: b'22d2f93d3a09c19f4c0a51aab0ea92cc'
DEB [20181124-02:04:10.873] thr=4   paramiko.transport: userauth is OK
INF [20181124-02:04:10.918] thr=4   paramiko.transport: Authentication (password) successful!
DEB [20181124-02:04:10.919] thr=2   paramiko.transport: [chan 0] Max packet in: 32768 bytes
DEB [20181124-02:04:10.925] thr=4   paramiko.transport: [chan 0] Max packet out: 4096 bytes
DEB [20181124-02:04:10.925] thr=4   paramiko.transport: Secsh channel 0 opened.
DEB [20181124-02:04:10.930] thr=4   paramiko.transport: [chan 0] Sesch channel 0 request ok
DEB [20181124-02:04:10.936] thr=4   paramiko.transport: [chan 0] Sesch channel 0 request ok
DEB [20181124-02:04:15.523] thr=4   paramiko.transport: EOF in transport thread
