DEB [20181120-15:43:44.943] thr=1   paramiko.transport: starting thread (client mode): 0xe98ce2b0
DEB [20181120-15:43:44.945] thr=1   paramiko.transport: Local version/idstring: SSH-2.0-paramiko_2.4.2
DEB [20181120-15:43:44.959] thr=1   paramiko.transport: Remote version/idstring: SSH-2.0-OpenSSH_7.5
INF [20181120-15:43:44.960] thr=1   paramiko.transport: Connected (version 2.0, client OpenSSH_7.5)
DEB [20181120-15:43:44.962] thr=1   paramiko.transport: kex algos:['curve25519-sha256', 'curve25519-sha256@libssh.org', 'ecdh-sha2-nistp256', 'ecdh-sha2-nistp384', 'ecdh-sha2-nistp521', 'diffie-hellman-group-exchange-sha256', 'diffie-hellman-group16-sha512', 'diffie-hellman-group18-sha512', 'diffie-hellman-group14-sha256', 'diffie-hellman-group14-sha1'] server key:['ssh-rsa', 'rsa-sha2-512', 'rsa-sha2-256'] client encrypt:['aes128-ctr', 'aes192-ctr', 'aes256-ctr', '3des-cbc'] server encrypt:['aes128-ctr', 'aes192-ctr', 'aes256-ctr', '3des-cbc'] client mac:['hmac-sha2-256', 'hmac-sha2-512', 'hmac-sha1'] server mac:['hmac-sha2-256', 'hmac-sha2-512', 'hmac-sha1'] client compress:['none', 'zlib@openssh.com'] server compress:['none', 'zlib@openssh.com'] client lang:[''] server lang:[''] kex follows?False
DEB [20181120-15:43:44.963] thr=1   paramiko.transport: Kex agreed: ecdh-sha2-nistp256
DEB [20181120-15:43:44.963] thr=1   paramiko.transport: HostKey agreed: ssh-rsa
DEB [20181120-15:43:44.963] thr=1   paramiko.transport: Cipher agreed: aes128-ctr
DEB [20181120-15:43:44.963] thr=1   paramiko.transport: MAC agreed: hmac-sha2-256
DEB [20181120-15:43:44.964] thr=1   paramiko.transport: Compression agreed: none
DEB [20181120-15:43:45.173] thr=1   paramiko.transport: kex engine KexNistp256 specified hash_algo <built-in function openssl_sha256>
DEB [20181120-15:43:45.175] thr=1   paramiko.transport: Switch to new keys ...
DEB [20181120-15:43:45.177] thr=2   paramiko.transport: Adding ssh-rsa host key for 172.16.1.201: b'604598cac6e4f25ac3ea8ad67ffe0784'
DEB [20181120-15:43:45.298] thr=1   paramiko.transport: userauth is OK
DEB [20181120-15:43:45.318] thr=1   paramiko.transport: Authentication type (password) not permitted.
DEB [20181120-15:43:45.318] thr=1   paramiko.transport: Allowed methods: ['publickey', 'keyboard-interactive']
DEB [20181120-15:43:45.320] thr=1   paramiko.transport: userauth is OK
INF [20181120-15:43:45.432] thr=1   paramiko.transport: Authentication (keyboard-interactive) successful!
DEB [20181120-15:43:45.433] thr=2   paramiko.transport: [chan 0] Max packet in: 32768 bytes
DEB [20181120-15:43:45.436] thr=1   paramiko.transport: Received global request "hostkeys-00@openssh.com"
DEB [20181120-15:43:45.437] thr=1   paramiko.transport: Rejecting "hostkeys-00@openssh.com" global request from server.
DEB [20181120-15:43:45.477] thr=1   paramiko.transport: [chan 0] Max packet out: 32768 bytes
DEB [20181120-15:43:45.477] thr=1   paramiko.transport: Secsh channel 0 opened.
DEB [20181120-15:43:45.483] thr=1   paramiko.transport: [chan 0] Sesch channel 0 request ok
DEB [20181120-16:13:11.244] thr=1   paramiko.transport: starting thread (client mode): 0x742a2358
DEB [20181120-16:13:11.244] thr=1   paramiko.transport: Local version/idstring: SSH-2.0-paramiko_2.4.2
DEB [20181120-16:13:11.260] thr=1   paramiko.transport: Remote version/idstring: SSH-2.0-OpenSSH_7.5
INF [20181120-16:13:11.260] thr=1   paramiko.transport: Connected (version 2.0, client OpenSSH_7.5)
DEB [20181120-16:13:11.263] thr=1   paramiko.transport: kex algos:['curve25519-sha256', 'curve25519-sha256@libssh.org', 'ecdh-sha2-nistp256', 'ecdh-sha2-nistp384', 'ecdh-sha2-nistp521', 'diffie-hellman-group-exchange-sha256', 'diffie-hellman-group16-sha512', 'diffie-hellman-group18-sha512', 'diffie-hellman-group14-sha256', 'diffie-hellman-group14-sha1'] server key:['ssh-rsa', 'rsa-sha2-512', 'rsa-sha2-256'] client encrypt:['aes128-ctr', 'aes192-ctr', 'aes256-ctr', '3des-cbc'] server encrypt:['aes128-ctr', 'aes192-ctr', 'aes256-ctr', '3des-cbc'] client mac:['hmac-sha2-256', 'hmac-sha2-512', 'hmac-sha1'] server mac:['hmac-sha2-256', 'hmac-sha2-512', 'hmac-sha1'] client compress:['none', 'zlib@openssh.com'] server compress:['none', 'zlib@openssh.com'] client lang:[''] server lang:[''] kex follows?False
DEB [20181120-16:13:11.264] thr=1   paramiko.transport: Kex agreed: ecdh-sha2-nistp256
DEB [20181120-16:13:11.264] thr=1   paramiko.transport: HostKey agreed: ssh-rsa
DEB [20181120-16:13:11.264] thr=1   paramiko.transport: Cipher agreed: aes128-ctr
DEB [20181120-16:13:11.264] thr=1   paramiko.transport: MAC agreed: hmac-sha2-256
DEB [20181120-16:13:11.265] thr=1   paramiko.transport: Compression agreed: none
DEB [20181120-16:13:11.488] thr=1   paramiko.transport: kex engine KexNistp256 specified hash_algo <built-in function openssl_sha256>
DEB [20181120-16:13:11.490] thr=1   paramiko.transport: Switch to new keys ...
DEB [20181120-16:13:11.492] thr=2   paramiko.transport: Adding ssh-rsa host key for 172.16.1.201: b'604598cac6e4f25ac3ea8ad67ffe0784'
DEB [20181120-16:13:11.591] thr=1   paramiko.transport: userauth is OK
DEB [20181120-16:13:11.604] thr=1   paramiko.transport: Authentication type (password) not permitted.
DEB [20181120-16:13:11.605] thr=1   paramiko.transport: Allowed methods: ['publickey', 'keyboard-interactive']
DEB [20181120-16:13:11.607] thr=1   paramiko.transport: userauth is OK
INF [20181120-16:13:11.720] thr=1   paramiko.transport: Authentication (keyboard-interactive) successful!
DEB [20181120-16:13:11.722] thr=2   paramiko.transport: [chan 0] Max packet in: 32768 bytes
DEB [20181120-16:13:11.727] thr=1   paramiko.transport: Received global request "hostkeys-00@openssh.com"
DEB [20181120-16:13:11.727] thr=1   paramiko.transport: Rejecting "hostkeys-00@openssh.com" global request from server.
DEB [20181120-16:13:11.767] thr=1   paramiko.transport: [chan 0] Max packet out: 32768 bytes
DEB [20181120-16:13:11.767] thr=1   paramiko.transport: Secsh channel 0 opened.
DEB [20181120-16:13:11.772] thr=1   paramiko.transport: [chan 0] Sesch channel 0 request ok
DEB [20181120-16:26:48.599] thr=1   paramiko.transport: starting thread (client mode): 0x46791c88
DEB [20181120-16:26:48.599] thr=1   paramiko.transport: Local version/idstring: SSH-2.0-paramiko_2.4.2
DEB [20181120-16:26:48.619] thr=1   paramiko.transport: Remote version/idstring: SSH-2.0-OpenSSH_7.5
INF [20181120-16:26:48.620] thr=1   paramiko.transport: Connected (version 2.0, client OpenSSH_7.5)
DEB [20181120-16:26:48.621] thr=1   paramiko.transport: kex algos:['curve25519-sha256', 'curve25519-sha256@libssh.org', 'ecdh-sha2-nistp256', 'ecdh-sha2-nistp384', 'ecdh-sha2-nistp521', 'diffie-hellman-group-exchange-sha256', 'diffie-hellman-group16-sha512', 'diffie-hellman-group18-sha512', 'diffie-hellman-group14-sha256', 'diffie-hellman-group14-sha1'] server key:['ssh-rsa', 'rsa-sha2-512', 'rsa-sha2-256'] client encrypt:['aes128-ctr', 'aes192-ctr', 'aes256-ctr', '3des-cbc'] server encrypt:['aes128-ctr', 'aes192-ctr', 'aes256-ctr', '3des-cbc'] client mac:['hmac-sha2-256', 'hmac-sha2-512', 'hmac-sha1'] server mac:['hmac-sha2-256', 'hmac-sha2-512', 'hmac-sha1'] client compress:['none', 'zlib@openssh.com'] server compress:['none', 'zlib@openssh.com'] client lang:[''] server lang:[''] kex follows?False
DEB [20181120-16:26:48.621] thr=1   paramiko.transport: Kex agreed: ecdh-sha2-nistp256
DEB [20181120-16:26:48.621] thr=1   paramiko.transport: HostKey agreed: ssh-rsa
DEB [20181120-16:26:48.622] thr=1   paramiko.transport: Cipher agreed: aes128-ctr
DEB [20181120-16:26:48.622] thr=1   paramiko.transport: MAC agreed: hmac-sha2-256
DEB [20181120-16:26:48.622] thr=1   paramiko.transport: Compression agreed: none
DEB [20181120-16:26:48.743] thr=1   paramiko.transport: kex engine KexNistp256 specified hash_algo <built-in function openssl_sha256>
DEB [20181120-16:26:48.743] thr=1   paramiko.transport: Switch to new keys ...
DEB [20181120-16:26:48.744] thr=2   paramiko.transport: Adding ssh-rsa host key for 172.16.1.201: b'604598cac6e4f25ac3ea8ad67ffe0784'
DEB [20181120-16:26:48.849] thr=1   paramiko.transport: userauth is OK
DEB [20181120-16:26:48.860] thr=1   paramiko.transport: Authentication type (password) not permitted.
DEB [20181120-16:26:48.861] thr=1   paramiko.transport: Allowed methods: ['publickey', 'keyboard-interactive']
DEB [20181120-16:26:48.862] thr=1   paramiko.transport: userauth is OK
INF [20181120-16:26:48.938] thr=1   paramiko.transport: Authentication (keyboard-interactive) successful!
DEB [20181120-16:26:48.939] thr=2   paramiko.transport: [chan 0] Max packet in: 32768 bytes
DEB [20181120-16:26:48.942] thr=1   paramiko.transport: Received global request "hostkeys-00@openssh.com"
DEB [20181120-16:26:48.942] thr=1   paramiko.transport: Rejecting "hostkeys-00@openssh.com" global request from server.
DEB [20181120-16:26:48.983] thr=1   paramiko.transport: [chan 0] Max packet out: 32768 bytes
DEB [20181120-16:26:48.983] thr=1   paramiko.transport: Secsh channel 0 opened.
DEB [20181120-16:26:48.986] thr=1   paramiko.transport: [chan 0] Sesch channel 0 request ok
DEB [20181120-16:26:48.989] thr=3   paramiko.transport: starting thread (client mode): 0x4a2e3438
DEB [20181120-16:26:48.989] thr=3   paramiko.transport: Local version/idstring: SSH-2.0-paramiko_2.4.2
DEB [20181120-16:26:49.003] thr=3   paramiko.transport: Remote version/idstring: SSH-2.0-OpenSSH_7.5
INF [20181120-16:26:49.003] thr=3   paramiko.transport: Connected (version 2.0, client OpenSSH_7.5)
DEB [20181120-16:26:49.006] thr=3   paramiko.transport: kex algos:['curve25519-sha256', 'curve25519-sha256@libssh.org', 'ecdh-sha2-nistp256', 'ecdh-sha2-nistp384', 'ecdh-sha2-nistp521', 'diffie-hellman-group-exchange-sha256', 'diffie-hellman-group16-sha512', 'diffie-hellman-group18-sha512', 'diffie-hellman-group14-sha256', 'diffie-hellman-group14-sha1'] server key:['ssh-rsa', 'rsa-sha2-512', 'rsa-sha2-256'] client encrypt:['aes128-ctr', 'aes192-ctr', 'aes256-ctr', '3des-cbc'] server encrypt:['aes128-ctr', 'aes192-ctr', 'aes256-ctr', '3des-cbc'] client mac:['hmac-sha2-256', 'hmac-sha2-512', 'hmac-sha1'] server mac:['hmac-sha2-256', 'hmac-sha2-512', 'hmac-sha1'] client compress:['none', 'zlib@openssh.com'] server compress:['none', 'zlib@openssh.com'] client lang:[''] server lang:[''] kex follows?False
DEB [20181120-16:26:49.006] thr=3   paramiko.transport: Kex agreed: ecdh-sha2-nistp256
DEB [20181120-16:26:49.006] thr=3   paramiko.transport: HostKey agreed: ssh-rsa
DEB [20181120-16:26:49.006] thr=3   paramiko.transport: Cipher agreed: aes128-ctr
DEB [20181120-16:26:49.006] thr=3   paramiko.transport: MAC agreed: hmac-sha2-256
DEB [20181120-16:26:49.006] thr=3   paramiko.transport: Compression agreed: none
DEB [20181120-16:26:49.028] thr=3   paramiko.transport: kex engine KexNistp256 specified hash_algo <built-in function openssl_sha256>
DEB [20181120-16:26:49.029] thr=3   paramiko.transport: Switch to new keys ...
DEB [20181120-16:26:49.029] thr=2   paramiko.transport: Adding ssh-rsa host key for 172.16.1.201: b'604598cac6e4f25ac3ea8ad67ffe0784'
DEB [20181120-16:26:49.087] thr=1   paramiko.transport: EOF in transport thread
DEB [20181120-16:26:49.141] thr=3   paramiko.transport: userauth is OK
DEB [20181120-16:26:49.153] thr=3   paramiko.transport: Authentication type (password) not permitted.
DEB [20181120-16:26:49.153] thr=3   paramiko.transport: Allowed methods: ['publickey', 'keyboard-interactive']
DEB [20181120-16:26:49.155] thr=3   paramiko.transport: userauth is OK
INF [20181120-16:26:49.234] thr=3   paramiko.transport: Authentication (keyboard-interactive) successful!
DEB [20181120-16:26:49.235] thr=2   paramiko.transport: [chan 0] Max packet in: 32768 bytes
DEB [20181120-16:26:49.252] thr=3   paramiko.transport: Received global request "hostkeys-00@openssh.com"
DEB [20181120-16:26:49.252] thr=3   paramiko.transport: Rejecting "hostkeys-00@openssh.com" global request from server.
DEB [20181120-16:26:49.295] thr=3   paramiko.transport: [chan 0] Max packet out: 32768 bytes
DEB [20181120-16:26:49.295] thr=3   paramiko.transport: Secsh channel 0 opened.
DEB [20181120-16:26:49.298] thr=3   paramiko.transport: [chan 0] Sesch channel 0 request ok
DEB [20181120-16:26:49.408] thr=3   paramiko.transport: EOF in transport thread
DEB [20181121-09:02:02.328] thr=1   paramiko.transport: starting thread (client mode): 0x8f4cfcc0
DEB [20181121-09:02:02.329] thr=1   paramiko.transport: Local version/idstring: SSH-2.0-paramiko_2.4.2
DEB [20181121-09:02:02.343] thr=1   paramiko.transport: Remote version/idstring: SSH-2.0-OpenSSH_7.5
INF [20181121-09:02:02.343] thr=1   paramiko.transport: Connected (version 2.0, client OpenSSH_7.5)
DEB [20181121-09:02:02.346] thr=1   paramiko.transport: kex algos:['curve25519-sha256', 'curve25519-sha256@libssh.org', 'ecdh-sha2-nistp256', 'ecdh-sha2-nistp384', 'ecdh-sha2-nistp521', 'diffie-hellman-group-exchange-sha256', 'diffie-hellman-group16-sha512', 'diffie-hellman-group18-sha512', 'diffie-hellman-group14-sha256', 'diffie-hellman-group14-sha1'] server key:['ssh-rsa', 'rsa-sha2-512', 'rsa-sha2-256'] client encrypt:['aes128-ctr', 'aes192-ctr', 'aes256-ctr', '3des-cbc'] server encrypt:['aes128-ctr', 'aes192-ctr', 'aes256-ctr', '3des-cbc'] client mac:['hmac-sha2-256', 'hmac-sha2-512', 'hmac-sha1'] server mac:['hmac-sha2-256', 'hmac-sha2-512', 'hmac-sha1'] client compress:['none', 'zlib@openssh.com'] server compress:['none', 'zlib@openssh.com'] client lang:[''] server lang:[''] kex follows?False
DEB [20181121-09:02:02.346] thr=1   paramiko.transport: Kex agreed: ecdh-sha2-nistp256
DEB [20181121-09:02:02.346] thr=1   paramiko.transport: HostKey agreed: ssh-rsa
DEB [20181121-09:02:02.347] thr=1   paramiko.transport: Cipher agreed: aes128-ctr
DEB [20181121-09:02:02.347] thr=1   paramiko.transport: MAC agreed: hmac-sha2-256
DEB [20181121-09:02:02.347] thr=1   paramiko.transport: Compression agreed: none
DEB [20181121-09:02:02.494] thr=1   paramiko.transport: kex engine KexNistp256 specified hash_algo <built-in function openssl_sha256>
DEB [20181121-09:02:02.495] thr=1   paramiko.transport: Switch to new keys ...
DEB [20181121-09:02:02.497] thr=2   paramiko.transport: Adding ssh-rsa host key for 172.16.1.201: b'604598cac6e4f25ac3ea8ad67ffe0784'
DEB [20181121-09:02:02.601] thr=1   paramiko.transport: userauth is OK
DEB [20181121-09:02:02.614] thr=1   paramiko.transport: Authentication type (password) not permitted.
DEB [20181121-09:02:02.615] thr=1   paramiko.transport: Allowed methods: ['publickey', 'keyboard-interactive']
DEB [20181121-09:02:02.616] thr=1   paramiko.transport: userauth is OK
INF [20181121-09:02:02.704] thr=1   paramiko.transport: Authentication (keyboard-interactive) successful!
DEB [20181121-09:02:02.706] thr=2   paramiko.transport: [chan 0] Max packet in: 32768 bytes
DEB [20181121-09:02:02.710] thr=1   paramiko.transport: Received global request "hostkeys-00@openssh.com"
DEB [20181121-09:02:02.710] thr=1   paramiko.transport: Rejecting "hostkeys-00@openssh.com" global request from server.
DEB [20181121-09:02:02.749] thr=1   paramiko.transport: [chan 0] Max packet out: 32768 bytes
DEB [20181121-09:02:02.750] thr=1   paramiko.transport: Secsh channel 0 opened.
DEB [20181121-09:02:02.753] thr=1   paramiko.transport: [chan 0] Sesch channel 0 request ok
DEB [20181121-09:02:02.756] thr=3   paramiko.transport: starting thread (client mode): 0x8db810b8
DEB [20181121-09:02:02.757] thr=3   paramiko.transport: Local version/idstring: SSH-2.0-paramiko_2.4.2
DEB [20181121-09:02:02.772] thr=3   paramiko.transport: Remote version/idstring: SSH-2.0-OpenSSH_7.5
INF [20181121-09:02:02.772] thr=3   paramiko.transport: Connected (version 2.0, client OpenSSH_7.5)
DEB [20181121-09:02:02.780] thr=3   paramiko.transport: kex algos:['curve25519-sha256', 'curve25519-sha256@libssh.org', 'ecdh-sha2-nistp256', 'ecdh-sha2-nistp384', 'ecdh-sha2-nistp521', 'diffie-hellman-group-exchange-sha256', 'diffie-hellman-group16-sha512', 'diffie-hellman-group18-sha512', 'diffie-hellman-group14-sha256', 'diffie-hellman-group14-sha1'] server key:['ssh-rsa', 'rsa-sha2-512', 'rsa-sha2-256'] client encrypt:['aes128-ctr', 'aes192-ctr', 'aes256-ctr', '3des-cbc'] server encrypt:['aes128-ctr', 'aes192-ctr', 'aes256-ctr', '3des-cbc'] client mac:['hmac-sha2-256', 'hmac-sha2-512', 'hmac-sha1'] server mac:['hmac-sha2-256', 'hmac-sha2-512', 'hmac-sha1'] client compress:['none', 'zlib@openssh.com'] server compress:['none', 'zlib@openssh.com'] client lang:[''] server lang:[''] kex follows?False
DEB [20181121-09:02:02.780] thr=3   paramiko.transport: Kex agreed: ecdh-sha2-nistp256
DEB [20181121-09:02:02.781] thr=3   paramiko.transport: HostKey agreed: ssh-rsa
DEB [20181121-09:02:02.781] thr=3   paramiko.transport: Cipher agreed: aes128-ctr
DEB [20181121-09:02:02.781] thr=3   paramiko.transport: MAC agreed: hmac-sha2-256
DEB [20181121-09:02:02.782] thr=3   paramiko.transport: Compression agreed: none
DEB [20181121-09:02:02.808] thr=3   paramiko.transport: kex engine KexNistp256 specified hash_algo <built-in function openssl_sha256>
DEB [20181121-09:02:02.809] thr=3   paramiko.transport: Switch to new keys ...
DEB [20181121-09:02:02.811] thr=2   paramiko.transport: Adding ssh-rsa host key for 172.16.1.201: b'604598cac6e4f25ac3ea8ad67ffe0784'
DEB [20181121-09:02:02.854] thr=1   paramiko.transport: EOF in transport thread
DEB [20181121-09:02:02.921] thr=3   paramiko.transport: userauth is OK
DEB [20181121-09:02:02.930] thr=3   paramiko.transport: Authentication type (password) not permitted.
DEB [20181121-09:02:02.931] thr=3   paramiko.transport: Allowed methods: ['publickey', 'keyboard-interactive']
DEB [20181121-09:02:02.933] thr=3   paramiko.transport: userauth is OK
INF [20181121-09:02:03.023] thr=3   paramiko.transport: Authentication (keyboard-interactive) successful!
DEB [20181121-09:02:03.024] thr=2   paramiko.transport: [chan 0] Max packet in: 32768 bytes
DEB [20181121-09:02:03.029] thr=3   paramiko.transport: Received global request "hostkeys-00@openssh.com"
DEB [20181121-09:02:03.029] thr=3   paramiko.transport: Rejecting "hostkeys-00@openssh.com" global request from server.
DEB [20181121-09:02:03.069] thr=3   paramiko.transport: [chan 0] Max packet out: 32768 bytes
DEB [20181121-09:02:03.069] thr=3   paramiko.transport: Secsh channel 0 opened.
DEB [20181121-09:02:03.074] thr=3   paramiko.transport: [chan 0] Sesch channel 0 request ok
DEB [20181121-09:02:03.174] thr=3   paramiko.transport: EOF in transport thread
DEB [20181121-09:12:28.303] thr=1   paramiko.transport: starting thread (client mode): 0x1df99cc0
DEB [20181121-09:12:28.303] thr=1   paramiko.transport: Local version/idstring: SSH-2.0-paramiko_2.4.2
DEB [20181121-09:12:28.317] thr=1   paramiko.transport: Remote version/idstring: SSH-2.0-OpenSSH_7.5
INF [20181121-09:12:28.318] thr=1   paramiko.transport: Connected (version 2.0, client OpenSSH_7.5)
DEB [20181121-09:12:28.320] thr=1   paramiko.transport: kex algos:['curve25519-sha256', 'curve25519-sha256@libssh.org', 'ecdh-sha2-nistp256', 'ecdh-sha2-nistp384', 'ecdh-sha2-nistp521', 'diffie-hellman-group-exchange-sha256', 'diffie-hellman-group16-sha512', 'diffie-hellman-group18-sha512', 'diffie-hellman-group14-sha256', 'diffie-hellman-group14-sha1'] server key:['ssh-rsa', 'rsa-sha2-512', 'rsa-sha2-256'] client encrypt:['aes128-ctr', 'aes192-ctr', 'aes256-ctr', '3des-cbc'] server encrypt:['aes128-ctr', 'aes192-ctr', 'aes256-ctr', '3des-cbc'] client mac:['hmac-sha2-256', 'hmac-sha2-512', 'hmac-sha1'] server mac:['hmac-sha2-256', 'hmac-sha2-512', 'hmac-sha1'] client compress:['none', 'zlib@openssh.com'] server compress:['none', 'zlib@openssh.com'] client lang:[''] server lang:[''] kex follows?False
DEB [20181121-09:12:28.320] thr=1   paramiko.transport: Kex agreed: ecdh-sha2-nistp256
DEB [20181121-09:12:28.321] thr=1   paramiko.transport: HostKey agreed: ssh-rsa
DEB [20181121-09:12:28.321] thr=1   paramiko.transport: Cipher agreed: aes128-ctr
DEB [20181121-09:12:28.321] thr=1   paramiko.transport: MAC agreed: hmac-sha2-256
DEB [20181121-09:12:28.321] thr=1   paramiko.transport: Compression agreed: none
DEB [20181121-09:12:28.477] thr=1   paramiko.transport: kex engine KexNistp256 specified hash_algo <built-in function openssl_sha256>
DEB [20181121-09:12:28.477] thr=1   paramiko.transport: Switch to new keys ...
DEB [20181121-09:12:28.478] thr=2   paramiko.transport: Adding ssh-rsa host key for 172.16.1.201: b'604598cac6e4f25ac3ea8ad67ffe0784'
DEB [20181121-09:12:28.583] thr=1   paramiko.transport: userauth is OK
DEB [20181121-09:12:28.591] thr=1   paramiko.transport: Authentication type (password) not permitted.
DEB [20181121-09:12:28.592] thr=1   paramiko.transport: Allowed methods: ['publickey', 'keyboard-interactive']
DEB [20181121-09:12:28.593] thr=1   paramiko.transport: userauth is OK
INF [20181121-09:12:28.677] thr=1   paramiko.transport: Authentication (keyboard-interactive) successful!
DEB [20181121-09:12:28.678] thr=2   paramiko.transport: [chan 0] Max packet in: 32768 bytes
DEB [20181121-09:12:28.681] thr=1   paramiko.transport: Received global request "hostkeys-00@openssh.com"
DEB [20181121-09:12:28.681] thr=1   paramiko.transport: Rejecting "hostkeys-00@openssh.com" global request from server.
DEB [20181121-09:12:28.721] thr=1   paramiko.transport: [chan 0] Max packet out: 32768 bytes
DEB [20181121-09:12:28.721] thr=1   paramiko.transport: Secsh channel 0 opened.
DEB [20181121-09:12:28.724] thr=1   paramiko.transport: [chan 0] Sesch channel 0 request ok
DEB [20181121-09:12:28.727] thr=3   paramiko.transport: starting thread (client mode): 0x1c64b0b8
DEB [20181121-09:12:28.727] thr=3   paramiko.transport: Local version/idstring: SSH-2.0-paramiko_2.4.2
DEB [20181121-09:12:28.741] thr=3   paramiko.transport: Remote version/idstring: SSH-2.0-OpenSSH_7.5
INF [20181121-09:12:28.742] thr=3   paramiko.transport: Connected (version 2.0, client OpenSSH_7.5)
DEB [20181121-09:12:28.744] thr=3   paramiko.transport: kex algos:['curve25519-sha256', 'curve25519-sha256@libssh.org', 'ecdh-sha2-nistp256', 'ecdh-sha2-nistp384', 'ecdh-sha2-nistp521', 'diffie-hellman-group-exchange-sha256', 'diffie-hellman-group16-sha512', 'diffie-hellman-group18-sha512', 'diffie-hellman-group14-sha256', 'diffie-hellman-group14-sha1'] server key:['ssh-rsa', 'rsa-sha2-512', 'rsa-sha2-256'] client encrypt:['aes128-ctr', 'aes192-ctr', 'aes256-ctr', '3des-cbc'] server encrypt:['aes128-ctr', 'aes192-ctr', 'aes256-ctr', '3des-cbc'] client mac:['hmac-sha2-256', 'hmac-sha2-512', 'hmac-sha1'] server mac:['hmac-sha2-256', 'hmac-sha2-512', 'hmac-sha1'] client compress:['none', 'zlib@openssh.com'] server compress:['none', 'zlib@openssh.com'] client lang:[''] server lang:[''] kex follows?False
DEB [20181121-09:12:28.744] thr=3   paramiko.transport: Kex agreed: ecdh-sha2-nistp256
DEB [20181121-09:12:28.744] thr=3   paramiko.transport: HostKey agreed: ssh-rsa
DEB [20181121-09:12:28.744] thr=3   paramiko.transport: Cipher agreed: aes128-ctr
DEB [20181121-09:12:28.745] thr=3   paramiko.transport: MAC agreed: hmac-sha2-256
DEB [20181121-09:12:28.745] thr=3   paramiko.transport: Compression agreed: none
DEB [20181121-09:12:28.825] thr=1   paramiko.transport: EOF in transport thread
DEB [20181121-09:12:28.878] thr=3   paramiko.transport: kex engine KexNistp256 specified hash_algo <built-in function openssl_sha256>
DEB [20181121-09:12:28.879] thr=3   paramiko.transport: Switch to new keys ...
DEB [20181121-09:12:28.880] thr=2   paramiko.transport: Adding ssh-rsa host key for 172.16.1.201: b'604598cac6e4f25ac3ea8ad67ffe0784'
DEB [20181121-09:12:28.993] thr=3   paramiko.transport: userauth is OK
DEB [20181121-09:12:29.001] thr=3   paramiko.transport: Authentication type (password) not permitted.
DEB [20181121-09:12:29.001] thr=3   paramiko.transport: Allowed methods: ['publickey', 'keyboard-interactive']
DEB [20181121-09:12:29.003] thr=3   paramiko.transport: userauth is OK
INF [20181121-09:12:29.089] thr=3   paramiko.transport: Authentication (keyboard-interactive) successful!
DEB [20181121-09:12:29.090] thr=2   paramiko.transport: [chan 0] Max packet in: 32768 bytes
DEB [20181121-09:12:29.097] thr=3   paramiko.transport: Received global request "hostkeys-00@openssh.com"
DEB [20181121-09:12:29.098] thr=3   paramiko.transport: Rejecting "hostkeys-00@openssh.com" global request from server.
DEB [20181121-09:12:29.138] thr=3   paramiko.transport: [chan 0] Max packet out: 32768 bytes
DEB [20181121-09:12:29.138] thr=3   paramiko.transport: Secsh channel 0 opened.
DEB [20181121-09:12:29.142] thr=3   paramiko.transport: [chan 0] Sesch channel 0 request ok
DEB [20181121-09:12:29.243] thr=3   paramiko.transport: EOF in transport thread
DEB [20181123-16:51:06.517] thr=1   paramiko.transport: starting thread (client mode): 0xd41bb358
DEB [20181123-16:51:06.519] thr=1   paramiko.transport: Local version/idstring: SSH-2.0-paramiko_2.4.2
DEB [20181123-16:51:06.534] thr=1   paramiko.transport: Remote version/idstring: SSH-2.0-OpenSSH_7.5
INF [20181123-16:51:06.535] thr=1   paramiko.transport: Connected (version 2.0, client OpenSSH_7.5)
DEB [20181123-16:51:06.537] thr=1   paramiko.transport: kex algos:['curve25519-sha256', 'curve25519-sha256@libssh.org', 'ecdh-sha2-nistp256', 'ecdh-sha2-nistp384', 'ecdh-sha2-nistp521', 'diffie-hellman-group-exchange-sha256', 'diffie-hellman-group16-sha512', 'diffie-hellman-group18-sha512', 'diffie-hellman-group14-sha256', 'diffie-hellman-group14-sha1'] server key:['ssh-rsa', 'rsa-sha2-512', 'rsa-sha2-256'] client encrypt:['aes128-ctr', 'aes192-ctr', 'aes256-ctr', '3des-cbc'] server encrypt:['aes128-ctr', 'aes192-ctr', 'aes256-ctr', '3des-cbc'] client mac:['hmac-sha2-256', 'hmac-sha2-512', 'hmac-sha1'] server mac:['hmac-sha2-256', 'hmac-sha2-512', 'hmac-sha1'] client compress:['none', 'zlib@openssh.com'] server compress:['none', 'zlib@openssh.com'] client lang:[''] server lang:[''] kex follows?False
DEB [20181123-16:51:06.537] thr=1   paramiko.transport: Kex agreed: ecdh-sha2-nistp256
DEB [20181123-16:51:06.537] thr=1   paramiko.transport: HostKey agreed: ssh-rsa
DEB [20181123-16:51:06.538] thr=1   paramiko.transport: Cipher agreed: aes128-ctr
DEB [20181123-16:51:06.538] thr=1   paramiko.transport: MAC agreed: hmac-sha2-256
DEB [20181123-16:51:06.538] thr=1   paramiko.transport: Compression agreed: none
DEB [20181123-16:51:06.848] thr=1   paramiko.transport: kex engine KexNistp256 specified hash_algo <built-in function openssl_sha256>
DEB [20181123-16:51:06.851] thr=1   paramiko.transport: Switch to new keys ...
DEB [20181123-16:51:06.854] thr=2   paramiko.transport: Adding ssh-rsa host key for 172.16.1.201: b'604598cac6e4f25ac3ea8ad67ffe0784'
DEB [20181123-16:51:06.963] thr=1   paramiko.transport: userauth is OK
DEB [20181123-16:51:06.980] thr=1   paramiko.transport: Authentication type (password) not permitted.
DEB [20181123-16:51:06.980] thr=1   paramiko.transport: Allowed methods: ['publickey', 'keyboard-interactive']
DEB [20181123-16:51:06.983] thr=1   paramiko.transport: userauth is OK
INF [20181123-16:51:07.117] thr=1   paramiko.transport: Authentication (keyboard-interactive) successful!
DEB [20181123-16:51:07.119] thr=2   paramiko.transport: [chan 0] Max packet in: 32768 bytes
DEB [20181123-16:51:07.123] thr=1   paramiko.transport: Received global request "hostkeys-00@openssh.com"
DEB [20181123-16:51:07.124] thr=1   paramiko.transport: Rejecting "hostkeys-00@openssh.com" global request from server.
DEB [20181123-16:51:07.165] thr=1   paramiko.transport: [chan 0] Max packet out: 32768 bytes
DEB [20181123-16:51:07.166] thr=1   paramiko.transport: Secsh channel 0 opened.
DEB [20181123-16:51:07.173] thr=1   paramiko.transport: [chan 0] Sesch channel 0 request ok
