DEB [20181123-16:55:04.764] thr=1   paramiko.transport: starting thread (client mode): 0x20b31f28
DEB [20181123-16:55:04.765] thr=1   paramiko.transport: Local version/idstring: SSH-2.0-paramiko_2.4.2
DEB [20181123-16:55:04.789] thr=1   paramiko.transport: Remote version/idstring: SSH-2.0-OpenSSH_7.5
INF [20181123-16:55:04.790] thr=1   paramiko.transport: Connected (version 2.0, client OpenSSH_7.5)
DEB [20181123-16:55:04.793] thr=1   paramiko.transport: kex algos:['curve25519-sha256', 'curve25519-sha256@libssh.org', 'ecdh-sha2-nistp256', 'ecdh-sha2-nistp384', 'ecdh-sha2-nistp521', 'diffie-hellman-group-exchange-sha256', 'diffie-hellman-group16-sha512', 'diffie-hellman-group18-sha512', 'diffie-hellman-group14-sha256', 'diffie-hellman-group14-sha1'] server key:['ssh-rsa', 'rsa-sha2-512', 'rsa-sha2-256'] client encrypt:['aes128-ctr', 'aes192-ctr', 'aes256-ctr', '3des-cbc'] server encrypt:['aes128-ctr', 'aes192-ctr', 'aes256-ctr', '3des-cbc'] client mac:['hmac-sha2-256', 'hmac-sha2-512', 'hmac-sha1'] server mac:['hmac-sha2-256', 'hmac-sha2-512', 'hmac-sha1'] client compress:['none', 'zlib@openssh.com'] server compress:['none', 'zlib@openssh.com'] client lang:[''] server lang:[''] kex follows?False
DEB [20181123-16:55:04.793] thr=1   paramiko.transport: Kex agreed: ecdh-sha2-nistp256
DEB [20181123-16:55:04.794] thr=1   paramiko.transport: HostKey agreed: ssh-rsa
DEB [20181123-16:55:04.794] thr=1   paramiko.transport: Cipher agreed: aes128-ctr
DEB [20181123-16:55:04.795] thr=1   paramiko.transport: MAC agreed: hmac-sha2-256
DEB [20181123-16:55:04.795] thr=1   paramiko.transport: Compression agreed: none
DEB [20181123-16:55:05.026] thr=1   paramiko.transport: kex engine KexNistp256 specified hash_algo <built-in function openssl_sha256>
DEB [20181123-16:55:05.028] thr=1   paramiko.transport: Switch to new keys ...
DEB [20181123-16:55:05.031] thr=2   paramiko.transport: Adding ssh-rsa host key for 172.16.1.201: b'604598cac6e4f25ac3ea8ad67ffe0784'
DEB [20181123-16:55:05.141] thr=1   paramiko.transport: userauth is OK
DEB [20181123-16:55:05.155] thr=1   paramiko.transport: Authentication type (password) not permitted.
DEB [20181123-16:55:05.155] thr=1   paramiko.transport: Allowed methods: ['publickey', 'keyboard-interactive']
DEB [20181123-16:55:05.158] thr=1   paramiko.transport: userauth is OK
INF [20181123-16:55:05.296] thr=1   paramiko.transport: Authentication (keyboard-interactive) successful!
DEB [20181123-16:55:05.298] thr=2   paramiko.transport: [chan 0] Max packet in: 32768 bytes
DEB [20181123-16:55:05.301] thr=1   paramiko.transport: Received global request "hostkeys-00@openssh.com"
DEB [20181123-16:55:05.302] thr=1   paramiko.transport: Rejecting "hostkeys-00@openssh.com" global request from server.
DEB [20181123-16:55:05.343] thr=1   paramiko.transport: [chan 0] Max packet out: 32768 bytes
DEB [20181123-16:55:05.343] thr=1   paramiko.transport: Secsh channel 0 opened.
DEB [20181123-16:55:05.351] thr=1   paramiko.transport: [chan 0] Sesch channel 0 request ok
DEB [20181123-16:55:05.355] thr=3   paramiko.transport: starting thread (client mode): 0x212e7a20
DEB [20181123-16:55:05.355] thr=3   paramiko.transport: Local version/idstring: SSH-2.0-paramiko_2.4.2
DEB [20181123-16:55:05.377] thr=3   paramiko.transport: Remote version/idstring: SSH-2.0-OpenSSH_7.5
INF [20181123-16:55:05.377] thr=3   paramiko.transport: Connected (version 2.0, client OpenSSH_7.5)
DEB [20181123-16:55:05.382] thr=3   paramiko.transport: kex algos:['curve25519-sha256', 'curve25519-sha256@libssh.org', 'ecdh-sha2-nistp256', 'ecdh-sha2-nistp384', 'ecdh-sha2-nistp521', 'diffie-hellman-group-exchange-sha256', 'diffie-hellman-group16-sha512', 'diffie-hellman-group18-sha512', 'diffie-hellman-group14-sha256', 'diffie-hellman-group14-sha1'] server key:['ssh-rsa', 'rsa-sha2-512', 'rsa-sha2-256'] client encrypt:['aes128-ctr', 'aes192-ctr', 'aes256-ctr', '3des-cbc'] server encrypt:['aes128-ctr', 'aes192-ctr', 'aes256-ctr', '3des-cbc'] client mac:['hmac-sha2-256', 'hmac-sha2-512', 'hmac-sha1'] server mac:['hmac-sha2-256', 'hmac-sha2-512', 'hmac-sha1'] client compress:['none', 'zlib@openssh.com'] server compress:['none', 'zlib@openssh.com'] client lang:[''] server lang:[''] kex follows?False
DEB [20181123-16:55:05.382] thr=3   paramiko.transport: Kex agreed: ecdh-sha2-nistp256
DEB [20181123-16:55:05.382] thr=3   paramiko.transport: HostKey agreed: ssh-rsa
DEB [20181123-16:55:05.383] thr=3   paramiko.transport: Cipher agreed: aes128-ctr
DEB [20181123-16:55:05.383] thr=3   paramiko.transport: MAC agreed: hmac-sha2-256
DEB [20181123-16:55:05.383] thr=3   paramiko.transport: Compression agreed: none
DEB [20181123-16:55:05.424] thr=3   paramiko.transport: kex engine KexNistp256 specified hash_algo <built-in function openssl_sha256>
DEB [20181123-16:55:05.426] thr=3   paramiko.transport: Switch to new keys ...
DEB [20181123-16:55:05.428] thr=2   paramiko.transport: Adding ssh-rsa host key for 172.16.1.201: b'604598cac6e4f25ac3ea8ad67ffe0784'
DEB [20181123-16:55:05.451] thr=1   paramiko.transport: EOF in transport thread
DEB [20181123-16:55:05.530] thr=3   paramiko.transport: userauth is OK
DEB [20181123-16:55:05.543] thr=3   paramiko.transport: Authentication type (password) not permitted.
DEB [20181123-16:55:05.543] thr=3   paramiko.transport: Allowed methods: ['publickey', 'keyboard-interactive']
DEB [20181123-16:55:05.545] thr=3   paramiko.transport: userauth is OK
INF [20181123-16:55:05.680] thr=3   paramiko.transport: Authentication (keyboard-interactive) successful!
DEB [20181123-16:55:05.681] thr=2   paramiko.transport: [chan 0] Max packet in: 32768 bytes
DEB [20181123-16:55:05.698] thr=3   paramiko.transport: Received global request "hostkeys-00@openssh.com"
DEB [20181123-16:55:05.699] thr=3   paramiko.transport: Rejecting "hostkeys-00@openssh.com" global request from server.
DEB [20181123-16:55:05.739] thr=3   paramiko.transport: [chan 0] Max packet out: 32768 bytes
DEB [20181123-16:55:05.739] thr=3   paramiko.transport: Secsh channel 0 opened.
DEB [20181123-16:55:05.744] thr=3   paramiko.transport: [chan 0] Sesch channel 0 request ok
DEB [20181123-16:55:05.861] thr=3   paramiko.transport: EOF in transport thread
DEB [20181123-16:55:38.764] thr=4   paramiko.transport: starting thread (client mode): 0x1a512e48
DEB [20181123-16:55:38.766] thr=4   paramiko.transport: Local version/idstring: SSH-2.0-paramiko_2.4.2
DEB [20181123-16:55:38.797] thr=4   paramiko.transport: Remote version/idstring: SSH-2.0-Cisco-1.25
INF [20181123-16:55:38.798] thr=4   paramiko.transport: Connected (version 2.0, client Cisco-1.25)
DEB [20181123-16:55:38.820] thr=4   paramiko.transport: kex algos:['diffie-hellman-group-exchange-sha1', 'diffie-hellman-group14-sha1'] server key:['ssh-rsa'] client encrypt:['aes128-ctr', 'aes192-ctr', 'aes256-ctr', 'aes128-cbc', '3des-cbc', 'aes192-cbc', 'aes256-cbc'] server encrypt:['aes128-ctr', 'aes192-ctr', 'aes256-ctr', 'aes128-cbc', '3des-cbc', 'aes192-cbc', 'aes256-cbc'] client mac:['hmac-sha1', 'hmac-sha1-96'] server mac:['hmac-sha1', 'hmac-sha1-96'] client compress:['none'] server compress:['none'] client lang:[''] server lang:[''] kex follows?False
DEB [20181123-16:55:38.821] thr=4   paramiko.transport: Kex agreed: diffie-hellman-group-exchange-sha1
DEB [20181123-16:55:38.821] thr=4   paramiko.transport: HostKey agreed: ssh-rsa
DEB [20181123-16:55:38.822] thr=4   paramiko.transport: Cipher agreed: aes128-ctr
DEB [20181123-16:55:38.822] thr=4   paramiko.transport: MAC agreed: hmac-sha1
DEB [20181123-16:55:38.822] thr=4   paramiko.transport: Compression agreed: none
DEB [20181123-16:55:38.840] thr=4   paramiko.transport: Got server p (2048 bits)
DEB [20181123-16:55:39.493] thr=4   paramiko.transport: kex engine KexGex specified hash_algo <built-in function openssl_sha1>
DEB [20181123-16:55:39.495] thr=4   paramiko.transport: Switch to new keys ...
DEB [20181123-16:55:39.498] thr=2   paramiko.transport: Adding ssh-rsa host key for 192.168.1.105: b'22d2f93d3a09c19f4c0a51aab0ea92cc'
DEB [20181123-16:55:39.722] thr=4   paramiko.transport: userauth is OK
INF [20181123-16:55:39.767] thr=4   paramiko.transport: Authentication (password) successful!
DEB [20181123-16:55:39.768] thr=2   paramiko.transport: [chan 0] Max packet in: 32768 bytes
DEB [20181123-16:55:39.777] thr=4   paramiko.transport: [chan 0] Max packet out: 4096 bytes
DEB [20181123-16:55:39.777] thr=4   paramiko.transport: Secsh channel 0 opened.
DEB [20181123-16:55:39.783] thr=4   paramiko.transport: [chan 0] Sesch channel 0 request ok
DEB [20181123-16:55:39.792] thr=4   paramiko.transport: [chan 0] Sesch channel 0 request ok
DEB [20181123-16:55:44.378] thr=4   paramiko.transport: EOF in transport thread
